{
  meta: {
    req: {
      url: '/api/users',
      headers: {
        'user-agent': 'PostmanRuntime/7.36.1',
        accept: '*/*',
        'postman-token': '41d221dd-275c-4267-be6c-fe4cdfc8b8f4',
        host: 'localhost:8000',
        'accept-encoding': 'gzip, deflate, br',
        connection: 'keep-alive',
        cookie: 'connect.sid=s%3A6ma8FPQ5YMUCe54ofUpjVmVgSPMF0I84.WVqZor1hvFQaRWZrQEpXqbeGWQ%2BTIqqxSSGsze3CjFQ',
        'content-length': '0'
      },
      method: 'POST',
      httpVersion: '1.1',
      originalUrl: '/api/users',
      query: {}
    },
    res: { statusCode: 500 },
    responseTime: 39
  },
  level: 'error',
  message: 'HTTP POST /api/users',
  timestamp: '2024-02-11T01:27:58.353Z'
}
