{
  meta: {
    req: {
      url: '/',
      headers: {
        host: 'localhost:8000',
        connection: 'keep-alive',
        'sec-ch-ua': '"Not A(Brand";v="99", "Google Chrome";v="121", "Chromium";v="121"',
        'sec-ch-ua-mobile': '?0',
        'sec-ch-ua-platform': '"macOS"',
        'upgrade-insecure-requests': '1',
        'user-agent': 'Mozilla/5.0 (Macintosh; Intel Mac OS X 10_15_7) AppleWebKit/537.36 (KHTML, like Gecko) Chrome/121.0.0.0 Safari/537.36',
        accept: 'text/html,application/xhtml+xml,application/xml;q=0.9,image/avif,image/webp,image/apng,*/*;q=0.8,application/signed-exchange;v=b3;q=0.7',
        'sec-fetch-site': 'none',
        'sec-fetch-mode': 'navigate',
        'sec-fetch-user': '?1',
        'sec-fetch-dest': 'document',
        'accept-encoding': 'gzip, deflate, br',
        'accept-language': 'en-US,en;q=0.9',
        cookie: 'connect.sid=s%3AJsh54M_chyPpS09NLQN1aUrXRO5s7c-d.Vt8VCTEQYwYOc3GU0VQpzhzeCY%2BaYYAP66qvJVnaiAY'
      },
      method: 'GET',
      httpVersion: '1.1',
      originalUrl: '/',
      query: {}
    },
    res: { statusCode: 404 },
    responseTime: 4
  },
  level: 'warn',
  message: 'HTTP GET /',
  timestamp: '2024-02-11T01:08:52.736Z'
}
{
  meta: {
    req: {
      url: '/api/users',
      headers: {
        'user-agent': 'PostmanRuntime/7.36.1',
        accept: '*/*',
        'postman-token': '41d221dd-275c-4267-be6c-fe4cdfc8b8f4',
        host: 'localhost:8000',
        'accept-encoding': 'gzip, deflate, br',
        connection: 'keep-alive',
        cookie: 'connect.sid=s%3A6ma8FPQ5YMUCe54ofUpjVmVgSPMF0I84.WVqZor1hvFQaRWZrQEpXqbeGWQ%2BTIqqxSSGsze3CjFQ',
        'content-length': '0'
      },
      method: 'POST',
      httpVersion: '1.1',
      originalUrl: '/api/users',
      query: {}
    },
    res: { statusCode: 500 },
    responseTime: 39
  },
  level: 'error',
  message: 'HTTP POST /api/users',
  timestamp: '2024-02-11T01:27:58.353Z'
}
{
  meta: {
    req: {
      url: '/api/users/65c8226b929fbb320a5147cd',
      headers: {
        host: 'localhost:8000',
        connection: 'keep-alive',
        'content-length': '339',
        'sec-ch-ua': '"Not A(Brand";v="99", "Google Chrome";v="121", "Chromium";v="121"',
        'sec-ch-ua-platform': '"macOS"',
        'sec-ch-ua-mobile': '?0',
        'user-agent': 'Mozilla/5.0 (Macintosh; Intel Mac OS X 10_15_7) AppleWebKit/537.36 (KHTML, like Gecko) Chrome/121.0.0.0 Safari/537.36',
        'content-type': 'application/json',
        accept: '*/*',
        origin: 'http://localhost:3000',
        'sec-fetch-site': 'same-site',
        'sec-fetch-mode': 'cors',
        'sec-fetch-dest': 'empty',
        referer: 'http://localhost:3000/',
        'accept-encoding': 'gzip, deflate, br',
        'accept-language': 'en-US,en;q=0.9'
      },
      method: 'PUT',
      httpVersion: '1.1',
      originalUrl: '/api/users/65c8226b929fbb320a5147cd',
      query: {}
    },
    res: { statusCode: 404 },
    responseTime: 90
  },
  level: 'warn',
  message: 'HTTP PUT /api/users/65c8226b929fbb320a5147cd',
  timestamp: '2024-02-11T03:49:51.765Z'
}
{
  meta: {
    req: {
      url: '/api/users/65c8226b929fbb320a5147cd',
      headers: {
        host: 'localhost:8000',
        connection: 'keep-alive',
        'content-length': '339',
        'sec-ch-ua': '"Not A(Brand";v="99", "Google Chrome";v="121", "Chromium";v="121"',
        'sec-ch-ua-platform': '"macOS"',
        'sec-ch-ua-mobile': '?0',
        'user-agent': 'Mozilla/5.0 (Macintosh; Intel Mac OS X 10_15_7) AppleWebKit/537.36 (KHTML, like Gecko) Chrome/121.0.0.0 Safari/537.36',
        'content-type': 'application/json',
        accept: '*/*',
        origin: 'http://localhost:3000',
        'sec-fetch-site': 'same-site',
        'sec-fetch-mode': 'cors',
        'sec-fetch-dest': 'empty',
        referer: 'http://localhost:3000/',
        'accept-encoding': 'gzip, deflate, br',
        'accept-language': 'en-US,en;q=0.9'
      },
      method: 'PUT',
      httpVersion: '1.1',
      originalUrl: '/api/users/65c8226b929fbb320a5147cd',
      query: {}
    },
    res: { statusCode: 404 },
    responseTime: 63
  },
  level: 'warn',
  message: 'HTTP PUT /api/users/65c8226b929fbb320a5147cd',
  timestamp: '2024-02-11T03:52:29.005Z'
}
{
  meta: {
    req: {
      url: '/',
      headers: {
        host: 'localhost:8000',
        connection: 'keep-alive',
        'sec-ch-ua': '"Not A(Brand";v="99", "Google Chrome";v="121", "Chromium";v="121"',
        'sec-ch-ua-mobile': '?0',
        'sec-ch-ua-platform': '"macOS"',
        'upgrade-insecure-requests': '1',
        'user-agent': 'Mozilla/5.0 (Macintosh; Intel Mac OS X 10_15_7) AppleWebKit/537.36 (KHTML, like Gecko) Chrome/121.0.0.0 Safari/537.36',
        'sec-purpose': 'prefetch;prerender',
        purpose: 'prefetch',
        accept: 'text/html,application/xhtml+xml,application/xml;q=0.9,image/avif,image/webp,image/apng,*/*;q=0.8,application/signed-exchange;v=b3;q=0.7',
        'sec-fetch-site': 'none',
        'sec-fetch-mode': 'navigate',
        'sec-fetch-user': '?1',
        'sec-fetch-dest': 'document',
        'accept-encoding': 'gzip, deflate, br',
        'accept-language': 'en-US,en;q=0.9',
        cookie: 'connect.sid=s%3AqaWnHlGIPUDs4Yu3xirCnO_gF_oGTcdU.3%2F4%2Bg3lHyPFOQ4Z%2FWpnes8XmEWHN0gYdHzMPKHeGQZY'
      },
      method: 'GET',
      httpVersion: '1.1',
      originalUrl: '/',
      query: {}
    },
    res: { statusCode: 404 },
    responseTime: 6
  },
  level: 'warn',
  message: 'HTTP GET /',
  timestamp: '2024-02-11T03:52:52.097Z'
}
